<?xml version="1.0" encoding="UTF-8"?>
<!-- Generated by org.testng.reporters.JUnitXMLReporter -->
<testsuite ignored="0" hostname="DESKTOP-89LQPP6" failures="0" tests="3" name="Test" time="24.26" errors="0" timestamp="2024-01-30T16:35:39 IST">
  <testcase classname="AmazonAutomationDemo.AmazonTestCase_001" name="signIn" time="5.119"/>
  <testcase classname="AmazonAutomationDemo.AmazonTestCase_001" name="login" time="4.592"/>
  <testcase classname="AmazonAutomationDemo.AmazonTestCase_001" name="validation" time="3.09"/>
</testsuite> <!-- Test -->
