<?xml version="1.0" encoding="UTF-8"?>
<testng-results ignored="0" total="3" passed="3" failed="0" skipped="0">
  <reporter-output>
  </reporter-output>
  <suite started-at="2024-01-30T16:35:15 IST" name="Suite" finished-at="2024-01-30T16:35:39 IST" duration-ms="24260">
    <groups>
    </groups>
    <test started-at="2024-01-30T16:35:15 IST" name="Test" finished-at="2024-01-30T16:35:39 IST" duration-ms="24260">
      <class name="AmazonAutomationDemo.AmazonTestCase_001">
        <test-method is-config="true" signature="setup()[pri:0, instance:AmazonAutomationDemo.AmazonTestCase_001@196a42c3]" started-at="2024-01-30T16:35:15 IST" name="setup" finished-at="2024-01-30T16:35:25 IST" duration-ms="10616" status="PASS">
          <reporter-output>
          </reporter-output>
        </test-method> <!-- setup -->
        <test-method signature="signIn()[pri:1, instance:AmazonAutomationDemo.AmazonTestCase_001@196a42c3]" started-at="2024-01-30T16:35:25 IST" name="signIn" finished-at="2024-01-30T16:35:30 IST" duration-ms="5119" status="PASS">
          <reporter-output>
          </reporter-output>
        </test-method> <!-- signIn -->
        <test-method signature="login()[pri:2, instance:AmazonAutomationDemo.AmazonTestCase_001@196a42c3]" started-at="2024-01-30T16:35:30 IST" name="login" finished-at="2024-01-30T16:35:35 IST" duration-ms="4592" status="PASS">
          <reporter-output>
          </reporter-output>
        </test-method> <!-- login -->
        <test-method signature="validation()[pri:2, instance:AmazonAutomationDemo.AmazonTestCase_001@196a42c3]" started-at="2024-01-30T16:35:35 IST" name="validation" finished-at="2024-01-30T16:35:38 IST" duration-ms="3090" status="PASS">
          <reporter-output>
          </reporter-output>
        </test-method> <!-- validation -->
        <test-method is-config="true" signature="tearDown()[pri:0, instance:AmazonAutomationDemo.AmazonTestCase_001@196a42c3]" started-at="2024-01-30T16:35:38 IST" name="tearDown" finished-at="2024-01-30T16:35:39 IST" duration-ms="708" status="PASS">
          <reporter-output>
          </reporter-output>
        </test-method> <!-- tearDown -->
      </class> <!-- AmazonAutomationDemo.AmazonTestCase_001 -->
    </test> <!-- Test -->
  </suite> <!-- Suite -->
</testng-results>
